<?xml version="1.0" encoding="UTF-8"?>
<!-- Generated by org.testng.reporters.JUnitReportReporter -->
<testsuite hostname="billing" name="Tests.WhenUserOpenHompage" tests="2" failures="0" timestamp="2 Apr 2015 11:25:10 GMT" time="16.194" errors="0">
  <testcase name="LoginLinkShoudByAvailbleAndWork" time="8.524" classname="Tests.WhenUserOpenHompage"/>
  <testcase name="GetStartedLinkShoudByAvailbleAndWork" time="7.670" classname="Tests.WhenUserOpenHompage"/>
</testsuite> <!-- Tests.WhenUserOpenHompage -->
