<?xml version="1.0" encoding="UTF-8"?>
<!-- Generated by org.testng.reporters.JUnitReportReporter -->
<testsuite hostname="rafal" name="Tests.WhenUserOpenHompage" tests="2" failures="0" timestamp="2 Apr 2015 16:36:21 GMT" time="43.743" errors="0">
  <testcase name="LoginLinkShoudByAvailbleAndWork" time="23.147" classname="Tests.WhenUserOpenHompage"/>
  <testcase name="GetStartedLinkShoudByAvailbleAndWork" time="20.596" classname="Tests.WhenUserOpenHompage"/>
</testsuite> <!-- Tests.WhenUserOpenHompage -->
