<?xml version="1.0" encoding="UTF-8"?>
<!-- Generated by org.testng.reporters.JUnitReportReporter -->
<testsuite hostname="rafal" name="Tests.AddNewAccountTest" tests="1" failures="0" timestamp="2 Apr 2015 16:36:21 GMT" time="39.426" errors="0">
  <testcase name="registerNewUserInSystem" time="39.426" classname="Tests.AddNewAccountTest"/>
</testsuite> <!-- Tests.AddNewAccountTest -->
